# JRE version: Java(TM) SE Runtime Environment (8.0_91-b15) (build 1.8.0_91-b15)
# Java VM: Java HotSpot(TM) 64-Bit Server VM (25.91-b15 mixed mode windows-amd64 compressed oops)
Heap:
 PSYoungGen      total 338432K, used 237032K [0x00000000d5c00000, 0x00000000ebf80000, 0x0000000100000000)
  eden space 322048K, 73% used [0x00000000d5c00000,0x00000000e437a188,0x00000000e9680000)
  from space 16384K, 0% used [0x00000000ea600000,0x00000000ea600000,0x00000000eb600000)
  to   space 15872K, 0% used [0x00000000e9680000,0x00000000e9680000,0x00000000ea600000)
 ParOldGen       total 130560K, used 27414K [0x0000000081400000, 0x0000000089380000, 0x00000000d5c00000)
  object space 130560K, 20% used [0x0000000081400000,0x0000000082ec59e0,0x0000000089380000)
 Metaspace       used 60883K, capacity 65118K, committed 65240K, reserved 1105920K
  class space    used 8448K, capacity 9213K, committed 9216K, reserved 1048576K
GC Heap History (10 events):
Event: 6.965 GC heap before
{Heap before GC invocations=12 (full 2):
 PSYoungGen      total 215552K, used 204800K [0x00000000d5c00000, 0x00000000e8100000, 0x0000000100000000)
  eden space 204800K, 100% used [0x00000000d5c00000,0x00000000e2400000,0x00000000e2400000)
  from space 10752K, 0% used [0x00000000e2400000,0x00000000e2400000,0x00000000e2e80000)
  to   space 12288K, 0% used [0x00000000e7500000,0x00000000e7500000,0x00000000e8100000)
 ParOldGen       total 89088K, used 16176K [0x0000000081400000, 0x0000000086b00000, 0x00000000d5c00000)
  object space 89088K, 18% used [0x0000000081400000,0x00000000823cc130,0x0000000086b00000)
 Metaspace       used 45491K, capacity 48256K, committed 48384K, reserved 1091584K
  class space    used 6356K, capacity 6848K, committed 6912K, reserved 1048576K
Event: 6.980 GC heap after
Heap after GC invocations=12 (full 2):
 PSYoungGen      total 272384K, used 12272K [0x00000000d5c00000, 0x00000000e8100000, 0x0000000100000000)
  eden space 260096K, 0% used [0x00000000d5c00000,0x00000000d5c00000,0x00000000e5a00000)
  from space 12288K, 99% used [0x00000000e7500000,0x00000000e80fc310,0x00000000e8100000)
  to   space 14848K, 0% used [0x00000000e6400000,0x00000000e6400000,0x00000000e7280000)
 ParOldGen       total 89088K, used 18712K [0x0000000081400000, 0x0000000086b00000, 0x00000000d5c00000)
  object space 89088K, 21% used [0x0000000081400000,0x00000000826460a0,0x0000000086b00000)
 Metaspace       used 45491K, capacity 48256K, committed 48384K, reserved 1091584K
  class space    used 6356K, capacity 6848K, committed 6912K, reserved 1048576K
}
Event: 12.971 GC heap before
{Heap before GC invocations=13 (full 2):
 PSYoungGen      total 272384K, used 255064K [0x00000000d5c00000, 0x00000000e8100000, 0x0000000100000000)
  eden space 260096K, 93% used [0x00000000d5c00000,0x00000000e491a0d8,0x00000000e5a00000)
  from space 12288K, 99% used [0x00000000e7500000,0x00000000e80fc310,0x00000000e8100000)
  to   space 14848K, 0% used [0x00000000e6400000,0x00000000e6400000,0x00000000e7280000)
 ParOldGen       total 89088K, used 18712K [0x0000000081400000, 0x0000000086b00000, 0x00000000d5c00000)
  object space 89088K, 21% used [0x0000000081400000,0x00000000826460a0,0x0000000086b00000)
 Metaspace       used 55191K, capacity 58986K, committed 59096K, reserved 1099776K
  class space    used 7744K, capacity 8368K, committed 8448K, reserved 1048576K
Event: 12.999 GC heap after
Heap after GC invocations=13 (full 2):
 PSYoungGen      total 285184K, used 13932K [0x00000000d5c00000, 0x00000000eb600000, 0x0000000100000000)
  eden space 270336K, 0% used [0x00000000d5c00000,0x00000000d5c00000,0x00000000e6400000)
  from space 14848K, 93% used [0x00000000e6400000,0x00000000e719b250,0x00000000e7280000)
  to   space 16384K, 0% used [0x00000000ea600000,0x00000000ea600000,0x00000000eb600000)
 ParOldGen       total 89088K, used 23341K [0x0000000081400000, 0x0000000086b00000, 0x00000000d5c00000)
  object space 89088K, 26% used [0x0000000081400000,0x0000000082acb740,0x0000000086b00000)
 Metaspace       used 55191K, capacity 58986K, committed 59096K, reserved 1099776K
  class space    used 7744K, capacity 8368K, committed 8448K, reserved 1048576K
}
Event: 12.999 GC heap before
{Heap before GC invocations=14 (full 3):
 PSYoungGen      total 285184K, used 13932K [0x00000000d5c00000, 0x00000000eb600000, 0x0000000100000000)
  eden space 270336K, 0% used [0x00000000d5c00000,0x00000000d5c00000,0x00000000e6400000)
  from space 14848K, 93% used [0x00000000e6400000,0x00000000e719b250,0x00000000e7280000)
  to   space 16384K, 0% used [0x00000000ea600000,0x00000000ea600000,0x00000000eb600000)
 ParOldGen       total 89088K, used 23341K [0x0000000081400000, 0x0000000086b00000, 0x00000000d5c00000)
  object space 89088K, 26% used [0x0000000081400000,0x0000000082acb740,0x0000000086b00000)
 Metaspace       used 55191K, capacity 58986K, committed 59096K, reserved 1099776K
  class space    used 7744K, capacity 8368K, committed 8448K, reserved 1048576K
Event: 13.247 GC heap after
Heap after GC invocations=14 (full 3):
 PSYoungGen      total 285184K, used 0K [0x00000000d5c00000, 0x00000000eb600000, 0x0000000100000000)
  eden space 270336K, 0% used [0x00000000d5c00000,0x00000000d5c00000,0x00000000e6400000)
  from space 14848K, 0% used [0x00000000e6400000,0x00000000e6400000,0x00000000e7280000)
  to   space 16384K, 0% used [0x00000000ea600000,0x00000000ea600000,0x00000000eb600000)
 ParOldGen       total 130560K, used 29254K [0x0000000081400000, 0x0000000089380000, 0x00000000d5c00000)
  object space 130560K, 22% used [0x0000000081400000,0x0000000083091aa0,0x0000000089380000)
 Metaspace       used 55187K, capacity 58980K, committed 59096K, reserved 1099776K
  class space    used 7744K, capacity 8367K, committed 8448K, reserved 1048576K
}
Event: 288.219 GC heap before
{Heap before GC invocations=15 (full 3):
 PSYoungGen      total 285184K, used 152734K [0x00000000d5c00000, 0x00000000eb600000, 0x0000000100000000)
  eden space 270336K, 56% used [0x00000000d5c00000,0x00000000df127888,0x00000000e6400000)
  from space 14848K, 0% used [0x00000000e6400000,0x00000000e6400000,0x00000000e7280000)
  to   space 16384K, 0% used [0x00000000ea600000,0x00000000ea600000,0x00000000eb600000)
 ParOldGen       total 130560K, used 29254K [0x0000000081400000, 0x0000000089380000, 0x00000000d5c00000)
  object space 130560K, 22% used [0x0000000081400000,0x0000000083091aa0,0x0000000089380000)
 Metaspace       used 60067K, capacity 64164K, committed 64472K, reserved 1103872K
  class space    used 8384K, capacity 9112K, committed 9216K, reserved 1048576K
Event: 288.244 GC heap after
Heap after GC invocations=15 (full 3):
 PSYoungGen      total 338432K, used 7433K [0x00000000d5c00000, 0x00000000ebf80000, 0x0000000100000000)
  eden space 322048K, 0% used [0x00000000d5c00000,0x00000000d5c00000,0x00000000e9680000)
  from space 16384K, 45% used [0x00000000ea600000,0x00000000ead42760,0x00000000eb600000)
  to   space 15872K, 0% used [0x00000000e9680000,0x00000000e9680000,0x00000000ea600000)
 ParOldGen       total 130560K, used 29254K [0x0000000081400000, 0x0000000089380000, 0x00000000d5c00000)
  object space 130560K, 22% used [0x0000000081400000,0x0000000083091aa0,0x0000000089380000)
 Metaspace       used 60067K, capacity 64164K, committed 64472K, reserved 1103872K
  class space    used 8384K, capacity 9112K, committed 9216K, reserved 1048576K
}
Event: 288.244 GC heap before
{Heap before GC invocations=16 (full 4):
 PSYoungGen      total 338432K, used 7433K [0x00000000d5c00000, 0x00000000ebf80000, 0x0000000100000000)
  eden space 322048K, 0% used [0x00000000d5c00000,0x00000000d5c00000,0x00000000e9680000)
  from space 16384K, 45% used [0x00000000ea600000,0x00000000ead42760,0x00000000eb600000)
  to   space 15872K, 0% used [0x00000000e9680000,0x00000000e9680000,0x00000000ea600000)
 ParOldGen       total 130560K, used 29254K [0x0000000081400000, 0x0000000089380000, 0x00000000d5c00000)
  object space 130560K, 22% used [0x0000000081400000,0x0000000083091aa0,0x0000000089380000)
 Metaspace       used 60067K, capacity 64164K, committed 64472K, reserved 1103872K
  class space    used 8384K, capacity 9112K, committed 9216K, reserved 1048576K
Event: 288.520 GC heap after
Heap after GC invocations=16 (full 4):
 PSYoungGen      total 338432K, used 0K [0x00000000d5c00000, 0x00000000ebf80000, 0x0000000100000000)
  eden space 322048K, 0% used [0x00000000d5c00000,0x00000000d5c00000,0x00000000e9680000)
  from space 16384K, 0% used [0x00000000ea600000,0x00000000ea600000,0x00000000eb600000)
  to   space 15872K, 0% used [0x00000000e9680000,0x00000000e9680000,0x00000000ea600000)
 ParOldGen       total 130560K, used 27414K [0x0000000081400000, 0x0000000089380000, 0x00000000d5c00000)
  object space 130560K, 20% used [0x0000000081400000,0x0000000082ec59e0,0x0000000089380000)
 Metaspace       used 60067K, capacity 64164K, committed 64472K, reserved 1103872K
  class space    used 8384K, capacity 9112K, committed 9216K, reserved 1048576K
}

