# JRE version: Java(TM) SE Runtime Environment (8.0_91-b15) (build 1.8.0_91-b15)
# Java VM: Java HotSpot(TM) 64-Bit Server VM (25.91-b15 mixed mode windows-amd64 compressed oops)
Heap:
 PSYoungGen      total 339968K, used 248773K [0x00000000d5c00000, 0x00000000efc00000, 0x0000000100000000)
  eden space 324096K, 76% used [0x00000000d5c00000,0x00000000e4ef1740,0x00000000e9880000)
  from space 15872K, 0% used [0x00000000e9880000,0x00000000e9880000,0x00000000ea800000)
  to   space 14848K, 0% used [0x00000000eed80000,0x00000000eed80000,0x00000000efc00000)
 ParOldGen       total 135168K, used 27095K [0x0000000081400000, 0x0000000089800000, 0x00000000d5c00000)
  object space 135168K, 20% used [0x0000000081400000,0x0000000082e75cc8,0x0000000089800000)
 Metaspace       used 60828K, capacity 65024K, committed 65304K, reserved 1105920K
  class space    used 8443K, capacity 9212K, committed 9240K, reserved 1048576K
GC Heap History (10 events):
Event: 7.794 GC heap before
{Heap before GC invocations=13 (full 2):
 PSYoungGen      total 275456K, used 263680K [0x00000000d5c00000, 0x00000000ec000000, 0x0000000100000000)
  eden space 263680K, 100% used [0x00000000d5c00000,0x00000000e5d80000,0x00000000e5d80000)
  from space 11776K, 0% used [0x00000000e6880000,0x00000000e6880000,0x00000000e7400000)
  to   space 11264K, 0% used [0x00000000e5d80000,0x00000000e5d80000,0x00000000e6880000)
 ParOldGen       total 92160K, used 13998K [0x0000000081400000, 0x0000000086e00000, 0x00000000d5c00000)
  object space 92160K, 15% used [0x0000000081400000,0x00000000821ab8f8,0x0000000086e00000)
 Metaspace       used 46867K, capacity 49552K, committed 49576K, reserved 1091584K
  class space    used 6553K, capacity 7060K, committed 7080K, reserved 1048576K
Event: 7.812 GC heap after
Heap after GC invocations=13 (full 2):
 PSYoungGen      total 274944K, used 11260K [0x00000000d5c00000, 0x00000000eb980000, 0x0000000100000000)
  eden space 263680K, 0% used [0x00000000d5c00000,0x00000000d5c00000,0x00000000e5d80000)
  from space 11264K, 99% used [0x00000000e5d80000,0x00000000e687f148,0x00000000e6880000)
  to   space 14336K, 0% used [0x00000000eab80000,0x00000000eab80000,0x00000000eb980000)
 ParOldGen       total 92160K, used 18898K [0x0000000081400000, 0x0000000086e00000, 0x00000000d5c00000)
  object space 92160K, 20% used [0x0000000081400000,0x0000000082674920,0x0000000086e00000)
 Metaspace       used 46867K, capacity 49552K, committed 49576K, reserved 1091584K
  class space    used 6553K, capacity 7060K, committed 7080K, reserved 1048576K
}
Event: 29.720 GC heap before
{Heap before GC invocations=14 (full 2):
 PSYoungGen      total 274944K, used 210587K [0x00000000d5c00000, 0x00000000eb980000, 0x0000000100000000)
  eden space 263680K, 75% used [0x00000000d5c00000,0x00000000e1ea7d60,0x00000000e5d80000)
  from space 11264K, 99% used [0x00000000e5d80000,0x00000000e687f148,0x00000000e6880000)
  to   space 14336K, 0% used [0x00000000eab80000,0x00000000eab80000,0x00000000eb980000)
 ParOldGen       total 92160K, used 18898K [0x0000000081400000, 0x0000000086e00000, 0x00000000d5c00000)
  object space 92160K, 20% used [0x0000000081400000,0x0000000082674920,0x0000000086e00000)
 Metaspace       used 55227K, capacity 59092K, committed 59160K, reserved 1099776K
  class space    used 7755K, capacity 8407K, committed 8472K, reserved 1048576K
Event: 29.750 GC heap after
Heap after GC invocations=14 (full 2):
 PSYoungGen      total 331264K, used 12226K [0x00000000d5c00000, 0x00000000eb780000, 0x0000000100000000)
  eden space 318976K, 0% used [0x00000000d5c00000,0x00000000d5c00000,0x00000000e9380000)
  from space 12288K, 99% used [0x00000000eab80000,0x00000000eb770930,0x00000000eb780000)
  to   space 15872K, 0% used [0x00000000e9880000,0x00000000e9880000,0x00000000ea800000)
 ParOldGen       total 92160K, used 24128K [0x0000000081400000, 0x0000000086e00000, 0x00000000d5c00000)
  object space 92160K, 26% used [0x0000000081400000,0x0000000082b900f8,0x0000000086e00000)
 Metaspace       used 55227K, capacity 59092K, committed 59160K, reserved 1099776K
  class space    used 7755K, capacity 8407K, committed 8472K, reserved 1048576K
}
Event: 29.750 GC heap before
{Heap before GC invocations=15 (full 3):
 PSYoungGen      total 331264K, used 12226K [0x00000000d5c00000, 0x00000000eb780000, 0x0000000100000000)
  eden space 318976K, 0% used [0x00000000d5c00000,0x00000000d5c00000,0x00000000e9380000)
  from space 12288K, 99% used [0x00000000eab80000,0x00000000eb770930,0x00000000eb780000)
  to   space 15872K, 0% used [0x00000000e9880000,0x00000000e9880000,0x00000000ea800000)
 ParOldGen       total 92160K, used 24128K [0x0000000081400000, 0x0000000086e00000, 0x00000000d5c00000)
  object space 92160K, 26% used [0x0000000081400000,0x0000000082b900f8,0x0000000086e00000)
 Metaspace       used 55227K, capacity 59092K, committed 59160K, reserved 1099776K
  class space    used 7755K, capacity 8407K, committed 8472K, reserved 1048576K
Event: 30.057 GC heap after
Heap after GC invocations=15 (full 3):
 PSYoungGen      total 331264K, used 0K [0x00000000d5c00000, 0x00000000eb780000, 0x0000000100000000)
  eden space 318976K, 0% used [0x00000000d5c00000,0x00000000d5c00000,0x00000000e9380000)
  from space 12288K, 0% used [0x00000000eab80000,0x00000000eab80000,0x00000000eb780000)
  to   space 15872K, 0% used [0x00000000e9880000,0x00000000e9880000,0x00000000ea800000)
 ParOldGen       total 135168K, used 28202K [0x0000000081400000, 0x0000000089800000, 0x00000000d5c00000)
  object space 135168K, 20% used [0x0000000081400000,0x0000000082f8a9a8,0x0000000089800000)
 Metaspace       used 55224K, capacity 59086K, committed 59160K, reserved 1099776K
  class space    used 7754K, capacity 8406K, committed 8472K, reserved 1048576K
}
Event: 243.164 GC heap before
{Heap before GC invocations=16 (full 3):
 PSYoungGen      total 331264K, used 134813K [0x00000000d5c00000, 0x00000000eb780000, 0x0000000100000000)
  eden space 318976K, 42% used [0x00000000d5c00000,0x00000000ddfa74c0,0x00000000e9380000)
  from space 12288K, 0% used [0x00000000eab80000,0x00000000eab80000,0x00000000eb780000)
  to   space 15872K, 0% used [0x00000000e9880000,0x00000000e9880000,0x00000000ea800000)
 ParOldGen       total 135168K, used 28202K [0x0000000081400000, 0x0000000089800000, 0x00000000d5c00000)
  object space 135168K, 20% used [0x0000000081400000,0x0000000082f8a9a8,0x0000000089800000)
 Metaspace       used 60022K, capacity 64138K, committed 64152K, reserved 1103872K
  class space    used 8380K, capacity 9111K, committed 9112K, reserved 1048576K
Event: 243.193 GC heap after
Heap after GC invocations=16 (full 3):
 PSYoungGen      total 339968K, used 7094K [0x00000000d5c00000, 0x00000000efc00000, 0x0000000100000000)
  eden space 324096K, 0% used [0x00000000d5c00000,0x00000000d5c00000,0x00000000e9880000)
  from space 15872K, 44% used [0x00000000e9880000,0x00000000e9f6d810,0x00000000ea800000)
  to   space 14848K, 0% used [0x00000000eed80000,0x00000000eed80000,0x00000000efc00000)
 ParOldGen       total 135168K, used 28210K [0x0000000081400000, 0x0000000089800000, 0x00000000d5c00000)
  object space 135168K, 20% used [0x0000000081400000,0x0000000082f8c9a8,0x0000000089800000)
 Metaspace       used 60022K, capacity 64138K, committed 64152K, reserved 1103872K
  class space    used 8380K, capacity 9111K, committed 9112K, reserved 1048576K
}
Event: 243.193 GC heap before
{Heap before GC invocations=17 (full 4):
 PSYoungGen      total 339968K, used 7094K [0x00000000d5c00000, 0x00000000efc00000, 0x0000000100000000)
  eden space 324096K, 0% used [0x00000000d5c00000,0x00000000d5c00000,0x00000000e9880000)
  from space 15872K, 44% used [0x00000000e9880000,0x00000000e9f6d810,0x00000000ea800000)
  to   space 14848K, 0% used [0x00000000eed80000,0x00000000eed80000,0x00000000efc00000)
 ParOldGen       total 135168K, used 28210K [0x0000000081400000, 0x0000000089800000, 0x00000000d5c00000)
  object space 135168K, 20% used [0x0000000081400000,0x0000000082f8c9a8,0x0000000089800000)
 Metaspace       used 60022K, capacity 64138K, committed 64152K, reserved 1103872K
  class space    used 8380K, capacity 9111K, committed 9112K, reserved 1048576K
Event: 243.475 GC heap after
Heap after GC invocations=17 (full 4):
 PSYoungGen      total 339968K, used 0K [0x00000000d5c00000, 0x00000000efc00000, 0x0000000100000000)
  eden space 324096K, 0% used [0x00000000d5c00000,0x00000000d5c00000,0x00000000e9880000)
  from space 15872K, 0% used [0x00000000e9880000,0x00000000e9880000,0x00000000ea800000)
  to   space 14848K, 0% used [0x00000000eed80000,0x00000000eed80000,0x00000000efc00000)
 ParOldGen       total 135168K, used 27095K [0x0000000081400000, 0x0000000089800000, 0x00000000d5c00000)
  object space 135168K, 20% used [0x0000000081400000,0x0000000082e75cc8,0x0000000089800000)
 Metaspace       used 60022K, capacity 64138K, committed 64152K, reserved 1103872K
  class space    used 8380K, capacity 9111K, committed 9112K, reserved 1048576K
}

